Performing C SOURCE FILE Test CMAKE_HAVE_LIBC_PTHREAD failed with the following output:
Change Dir: /home/hunauta/Repos/MeshShell/build/CMakeFiles/CMakeTmp

Run Build Command(s):/usr/bin/ninja cmTC_37d9d && [1/2] Building C object CMakeFiles/cmTC_37d9d.dir/src.c.o
[2/2] Linking C executable cmTC_37d9d
FAILED: cmTC_37d9d 
: && /usr/bin/clang-6.0 -DCMAKE_HAVE_LIBC_PTHREAD   CMakeFiles/cmTC_37d9d.dir/src.c.o  -o cmTC_37d9d   && :
CMakeFiles/cmTC_37d9d.dir/src.c.o：在函数‘main’中：
src.c:(.text+0x35)：对‘pthread_create’未定义的引用
src.c:(.text+0x41)：对‘pthread_detach’未定义的引用
src.c:(.text+0x53)：对‘pthread_join’未定义的引用
src.c:(.text+0x6a)：对‘pthread_atfork’未定义的引用
clang: error: linker command failed with exit code 1 (use -v to see invocation)
ninja: build stopped: subcommand failed.


Source file was:
#include <pthread.h>

void* test_func(void* data)
{
  return data;
}

int main(void)
{
  pthread_t thread;
  pthread_create(&thread, NULL, test_func, NULL);
  pthread_detach(thread);
  pthread_join(thread, NULL);
  pthread_atfork(NULL, NULL, NULL);
  pthread_exit(NULL);

  return 0;
}

Determining if the function pthread_create exists in the pthreads failed with the following output:
Change Dir: /home/hunauta/Repos/MeshShell/build/CMakeFiles/CMakeTmp

Run Build Command(s):/usr/bin/ninja cmTC_fa3cf && [1/2] Building C object CMakeFiles/cmTC_fa3cf.dir/CheckFunctionExists.c.o
[2/2] Linking C executable cmTC_fa3cf
FAILED: cmTC_fa3cf 
: && /usr/bin/clang-6.0 -DCHECK_FUNCTION_EXISTS=pthread_create   CMakeFiles/cmTC_fa3cf.dir/CheckFunctionExists.c.o  -o cmTC_fa3cf  -lpthreads && :
/usr/bin/ld: 找不到 -lpthreads
clang: error: linker command failed with exit code 1 (use -v to see invocation)
ninja: build stopped: subcommand failed.



